<?xml version="1.0" encoding="UTF-8"?>
<testng-results skipped="0" failed="1" total="1" passed="0">
  <reporter-output>
    <line>
      <![CDATA[2015-05-17 22:47:55 : [[Ljava.lang.Object;@6545d2]]>
    </line>
    <line>
      <![CDATA[2015-05-17 22:48:34 : Pressed login link on home page]]>
    </line>
    <line>
      <![CDATA[2015-05-17 22:48:35 : User name: test1]]>
    </line>
  </reporter-output>
  <suite name="Default suite" duration-ms="104936" started-at="2015-05-17T14:47:52Z" finished-at="2015-05-17T14:49:37Z">
    <groups>
    </groups>
    <test name="Default test" duration-ms="104936" started-at="2015-05-17T14:47:52Z" finished-at="2015-05-17T14:49:37Z">
      <class name="com.test.testcases.Login">
        <test-method status="PASS" signature="initialDriver()[pri:0, instance:com.test.testcases.Login@bd86fd3]" name="initialDriver" is-config="true" duration-ms="3467" started-at="2015-05-17T22:47:52Z" finished-at="2015-05-17T22:47:55Z">
          <reporter-output>
          </reporter-output>
        </test-method> <!-- initialDriver -->
        <test-method status="FAIL" signature="testLogin(java.util.Map)[pri:0, instance:com.test.testcases.Login@bd86fd3]" name="testLogin" duration-ms="100382" started-at="2015-05-17T22:47:55Z" data-provider="providerMethod" finished-at="2015-05-17T22:49:36Z">
          <params>
            <param index="0">
              <value>
                <![CDATA[{username=test1, password=123456, url=http://www.jd.com/}]]>
              </value>
            </param>
          </params>
          <exception class="java.lang.NullPointerException">
            <full-stacktrace>
              <![CDATA[java.lang.NullPointerException
	at com.test.testcases.Login.testLogin(Login.java:25)
	at sun.reflect.NativeMethodAccessorImpl.invoke0(Native Method)
	at sun.reflect.NativeMethodAccessorImpl.invoke(NativeMethodAccessorImpl.java:39)
	at sun.reflect.DelegatingMethodAccessorImpl.invoke(DelegatingMethodAccessorImpl.java:25)
	at java.lang.reflect.Method.invoke(Method.java:597)
	at org.testng.internal.MethodInvocationHelper.invokeMethod(MethodInvocationHelper.java:84)
	at org.testng.internal.Invoker.invokeMethod(Invoker.java:714)
	at org.testng.internal.Invoker.invokeTestMethod(Invoker.java:901)
	at org.testng.internal.Invoker.invokeTestMethods(Invoker.java:1231)
	at org.testng.internal.TestMethodWorker.invokeTestMethods(TestMethodWorker.java:127)
	at org.testng.internal.TestMethodWorker.run(TestMethodWorker.java:111)
	at org.testng.TestRunner.privateRun(TestRunner.java:767)
	at org.testng.TestRunner.run(TestRunner.java:617)
	at org.testng.SuiteRunner.runTest(SuiteRunner.java:334)
	at org.testng.SuiteRunner.runSequentially(SuiteRunner.java:329)
	at org.testng.SuiteRunner.privateRun(SuiteRunner.java:291)
	at org.testng.SuiteRunner.run(SuiteRunner.java:240)
	at org.testng.SuiteRunnerWorker.runSuite(SuiteRunnerWorker.java:52)
	at org.testng.SuiteRunnerWorker.run(SuiteRunnerWorker.java:86)
	at org.testng.TestNG.runSuitesSequentially(TestNG.java:1224)
	at org.testng.TestNG.runSuitesLocally(TestNG.java:1149)
	at org.testng.TestNG.run(TestNG.java:1057)
	at org.testng.remote.RemoteTestNG.run(RemoteTestNG.java:111)
	at org.testng.remote.RemoteTestNG.initAndRun(RemoteTestNG.java:204)
	at org.testng.remote.RemoteTestNG.main(RemoteTestNG.java:175)
]]>
            </full-stacktrace>
          </exception> <!-- java.lang.NullPointerException -->
          <reporter-output>
            <line>
              <![CDATA[2015-05-17 22:48:34 : Pressed login link on home page]]>
            </line>
            <line>
              <![CDATA[2015-05-17 22:48:35 : User name: test1]]>
            </line>
          </reporter-output>
        </test-method> <!-- testLogin -->
        <test-method status="PASS" signature="closeDriver()[pri:0, instance:com.test.testcases.Login@bd86fd3]" name="closeDriver" is-config="true" duration-ms="1051" started-at="2015-05-17T22:49:36Z" finished-at="2015-05-17T22:49:37Z">
          <reporter-output>
          </reporter-output>
        </test-method> <!-- closeDriver -->
      </class> <!-- com.test.testcases.Login -->
    </test> <!-- Default test -->
  </suite> <!-- Default suite -->
</testng-results>
